<!DOCTYPE html PUBLIC "-//W3C//DTD XHTML 1.1//EN" "http://www.w3.org/TR/xhtml11/DTD/xhtml11.dtd">
<html xmlns="http://www.w3.org/1999/xhtml">
<head>
<meta http-equiv="content-type" content="text/html; charset=UTF-8"/>
<title>TestNG Report</title>
<style type="text/css">table {margin-bottom:10px;border-collapse:collapse;empty-cells:show}th,td {border:1px solid #009;padding:.25em .5em}th {vertical-align:bottom}td {vertical-align:top}table a {font-weight:bold}.stripe td {background-color: #E6EBF9}.num {text-align:right}.passedodd td {background-color: #3F3}.passedeven td {background-color: #0A0}.skippedodd td {background-color: #DDD}.skippedeven td {background-color: #CCC}.failedodd td,.attn {background-color: #F33}.failedeven td,.stripe .attn {background-color: #D00}.stacktrace {white-space:pre;font-family:monospace}.totop {font-size:85%;text-align:center;border-bottom:2px solid #000}.invisible {display:none}</style>
</head>
<body>
<table>
<tr><th>Test</th><th># Passed</th><th># Skipped</th><th># Failed</th><th>Time (ms)</th><th>Included Groups</th><th>Excluded Groups</th></tr>
<tr><th colspan="7">Surefire suite</th></tr>
<tr><td><a href="#t0">Surefire test</a></td><td class="num">0</td><td class="num attn">9</td><td class="num">0</td><td class="num">164</td><td></td><td></td></tr>
</table>
<table id='summary'><thead><tr><th>Class</th><th>Method</th><th>Start</th><th>Time (ms)</th></tr></thead><tbody><tr><th colspan="4">Surefire suite</th></tr></tbody><tbody id="t0"><tr><th colspan="4">Surefire test &#8212; failed (configuration methods)</th></tr><tr class="failedeven"><td rowspan="1">com.mynop.testcases.AccountCreationPageTest</td><td><a href="#m0">setUp</a></td><td rowspan="1">1696420281776</td><td rowspan="1">0</td></tr><tr class="failedodd"><td rowspan="1">com.mynop.testcases.AddToCartPageTest</td><td><a href="#m1">setUp</a></td><td rowspan="1">1696420281806</td><td rowspan="1">0</td></tr><tr class="failedeven"><td rowspan="1">com.mynop.testcases.BillingAddressPageTest</td><td><a href="#m2">setUp</a></td><td rowspan="1">1696420281810</td><td rowspan="1">0</td></tr><tr class="failedodd"><td rowspan="1">com.mynop.testcases.HomePageTest</td><td><a href="#m3">setUp</a></td><td rowspan="1">1696420281812</td><td rowspan="1">0</td></tr><tr class="failedeven"><td rowspan="1">com.mynop.testcases.IndexPageTest</td><td><a href="#m4">setUp</a></td><td rowspan="1">1696420281821</td><td rowspan="1">0</td></tr><tr class="failedodd"><td rowspan="1">com.mynop.testcases.SearchReasultPageTest</td><td><a href="#m5">setUp</a></td><td rowspan="1">1696420281865</td><td rowspan="1">0</td></tr><tr class="failedeven"><td rowspan="1">com.mynop.testcases.ShoppingCartPageTest</td><td><a href="#m6">setUp</a></td><td rowspan="1">1696420281876</td><td rowspan="1">0</td></tr><tr><th colspan="4">Surefire test &#8212; skipped (configuration methods)</th></tr><tr class="skippedeven"><td rowspan="2">com.mynop.testcases.AccountCreationPageTest</td><td><a href="#m7">afterSuite</a></td><td rowspan="1">1696420282093</td><td rowspan="1">0</td></tr><tr class="skippedeven"><td><a href="#m8">tearDown</a></td><td rowspan="1">1696420281797</td><td rowspan="1">0</td></tr><tr class="skippedodd"><td rowspan="1">com.mynop.testcases.AddToCartPageTest</td><td><a href="#m9">tearDown</a></td><td rowspan="1">1696420281809</td><td rowspan="1">0</td></tr><tr class="skippedeven"><td rowspan="1">com.mynop.testcases.BillingAddressPageTest</td><td><a href="#m10">tearDown</a></td><td rowspan="1">1696420281811</td><td rowspan="1">0</td></tr><tr class="skippedodd"><td rowspan="3">com.mynop.testcases.HomePageTest</td><td><a href="#m11">setUp</a></td><td rowspan="1">1696420281814</td><td rowspan="1">0</td></tr><tr class="skippedodd"><td><a href="#m12">tearDown</a></td><td rowspan="2">1696420281814</td><td rowspan="2">0</td></tr><tr class="skippedodd"><td><a href="#m13">tearDown</a></td></tr><tr class="skippedeven"><td rowspan="1">com.mynop.testcases.IndexPageTest</td><td><a href="#m14">tearDown</a></td><td rowspan="1">1696420281825</td><td rowspan="1">0</td></tr><tr class="skippedodd"><td rowspan="1">com.mynop.testcases.SearchReasultPageTest</td><td><a href="#m15">tearDown</a></td><td rowspan="1">1696420281873</td><td rowspan="1">0</td></tr><tr class="skippedeven"><td rowspan="1">com.mynop.testcases.ShoppingCartPageTest</td><td><a href="#m16">tearDown</a></td><td rowspan="1">1696420281877</td><td rowspan="1">0</td></tr><tr><th colspan="4">Surefire test &#8212; skipped</th></tr><tr class="skippedeven"><td rowspan="1">com.mynop.testcases.AccountCreationPageTest</td><td><a href="#m17">registerAccountTest</a></td><td rowspan="1">1696420281796</td><td rowspan="1">0</td></tr><tr class="skippedodd"><td rowspan="1">com.mynop.testcases.AddToCartPageTest</td><td><a href="#m18">addToCartPageTest</a></td><td rowspan="1">1696420281808</td><td rowspan="1">0</td></tr><tr class="skippedeven"><td rowspan="1">com.mynop.testcases.BillingAddressPageTest</td><td><a href="#m19">BillingAddressPageTest</a></td><td rowspan="1">1696420281810</td><td rowspan="1">0</td></tr><tr class="skippedodd"><td rowspan="2">com.mynop.testcases.HomePageTest</td><td><a href="#m20">searchProduct</a></td><td rowspan="1">1696420281813</td><td rowspan="1">0</td></tr><tr class="skippedodd"><td><a href="#m21">verifyTitle</a></td><td rowspan="1">1696420281815</td><td rowspan="1">0</td></tr><tr class="skippedeven"><td rowspan="1">com.mynop.testcases.IndexPageTest</td><td><a href="#m22">verifyMyNopLogo</a></td><td rowspan="1">1696420281823</td><td rowspan="1">0</td></tr><tr class="skippedodd"><td rowspan="1">com.mynop.testcases.LoginPageTest</td><td><a href="#m23">loginTest</a></td><td rowspan="1">1696420281864</td><td rowspan="1">0</td></tr><tr class="skippedeven"><td rowspan="1">com.mynop.testcases.SearchReasultPageTest</td><td><a href="#m24">SearchReasultPageTest</a></td><td rowspan="1">1696420281866</td><td rowspan="1">0</td></tr><tr class="skippedodd"><td rowspan="1">com.mynop.testcases.ShoppingCartPageTest</td><td><a href="#m25">ShoppingCartPageTest</a></td><td rowspan="1">1696420281877</td><td rowspan="1">0</td></tr></tbody>
</table>
<h2>Surefire test</h2><h3 id="m0">com.mynop.testcases.AccountCreationPageTest#setUp</h3><table class="result"><tr><th>Exception</th></tr><tr><td><div class="stacktrace">org.testng.TestNGException: 
Parameter &apos;browser&apos; is required by BeforeMethod on method setUp but has not been marked @Optional or defined

... Removed 30 stack frames</div></td></tr></table><p class="totop"><a href="#summary">back to summary</a></p>
<h3 id="m1">com.mynop.testcases.AddToCartPageTest#setUp</h3><table class="result"><tr><th>Exception</th></tr><tr><td><div class="stacktrace">org.testng.TestNGException: 
Parameter &apos;browser&apos; is required by BeforeMethod on method setUp but has not been marked @Optional or defined

... Removed 30 stack frames</div></td></tr></table><p class="totop"><a href="#summary">back to summary</a></p>
<h3 id="m2">com.mynop.testcases.BillingAddressPageTest#setUp</h3><table class="result"><tr><th>Exception</th></tr><tr><td><div class="stacktrace">org.testng.TestNGException: 
Parameter &apos;browser&apos; is required by BeforeMethod on method setUp but has not been marked @Optional or defined

... Removed 30 stack frames</div></td></tr></table><p class="totop"><a href="#summary">back to summary</a></p>
<h3 id="m3">com.mynop.testcases.HomePageTest#setUp</h3><table class="result"><tr><th>Exception</th></tr><tr><td><div class="stacktrace">org.testng.TestNGException: 
Parameter &apos;browser&apos; is required by BeforeMethod on method setUp but has not been marked @Optional or defined

... Removed 30 stack frames</div></td></tr></table><p class="totop"><a href="#summary">back to summary</a></p>
<h3 id="m4">com.mynop.testcases.IndexPageTest#setUp</h3><table class="result"><tr><th>Exception</th></tr><tr><td><div class="stacktrace">org.testng.TestNGException: 
Parameter &apos;browser&apos; is required by BeforeMethod on method setUp but has not been marked @Optional or defined

... Removed 30 stack frames</div></td></tr></table><p class="totop"><a href="#summary">back to summary</a></p>
<h3 id="m5">com.mynop.testcases.SearchReasultPageTest#setUp</h3><table class="result"><tr><th>Exception</th></tr><tr><td><div class="stacktrace">org.testng.TestNGException: 
Parameter &apos;browser&apos; is required by BeforeMethod on method setUp but has not been marked @Optional or defined

... Removed 30 stack frames</div></td></tr></table><p class="totop"><a href="#summary">back to summary</a></p>
<h3 id="m6">com.mynop.testcases.ShoppingCartPageTest#setUp</h3><table class="result"><tr><th>Exception</th></tr><tr><td><div class="stacktrace">org.testng.TestNGException: 
Parameter &apos;browser&apos; is required by BeforeMethod on method setUp but has not been marked @Optional or defined

... Removed 30 stack frames</div></td></tr></table><p class="totop"><a href="#summary">back to summary</a></p>
<h3 id="m7">com.mynop.testcases.AccountCreationPageTest#afterSuite</h3><table class="result"><tr><th class="invisible"/></tr></table><p class="totop"><a href="#summary">back to summary</a></p>
<h3 id="m8">com.mynop.testcases.AccountCreationPageTest#tearDown</h3><table class="result"><tr><th class="invisible"/></tr></table><p class="totop"><a href="#summary">back to summary</a></p>
<h3 id="m9">com.mynop.testcases.AddToCartPageTest#tearDown</h3><table class="result"><tr><th class="invisible"/></tr></table><p class="totop"><a href="#summary">back to summary</a></p>
<h3 id="m10">com.mynop.testcases.BillingAddressPageTest#tearDown</h3><table class="result"><tr><th class="invisible"/></tr></table><p class="totop"><a href="#summary">back to summary</a></p>
<h3 id="m11">com.mynop.testcases.HomePageTest#setUp</h3><table class="result"><tr><th class="invisible"/></tr></table><p class="totop"><a href="#summary">back to summary</a></p>
<h3 id="m12">com.mynop.testcases.HomePageTest#tearDown</h3><table class="result"><tr><th class="invisible"/></tr></table><p class="totop"><a href="#summary">back to summary</a></p>
<h3 id="m13">com.mynop.testcases.HomePageTest#tearDown</h3><table class="result"><tr><th class="invisible"/></tr></table><p class="totop"><a href="#summary">back to summary</a></p>
<h3 id="m14">com.mynop.testcases.IndexPageTest#tearDown</h3><table class="result"><tr><th class="invisible"/></tr></table><p class="totop"><a href="#summary">back to summary</a></p>
<h3 id="m15">com.mynop.testcases.SearchReasultPageTest#tearDown</h3><table class="result"><tr><th class="invisible"/></tr></table><p class="totop"><a href="#summary">back to summary</a></p>
<h3 id="m16">com.mynop.testcases.ShoppingCartPageTest#tearDown</h3><table class="result"><tr><th class="invisible"/></tr></table><p class="totop"><a href="#summary">back to summary</a></p>
<h3 id="m17">com.mynop.testcases.AccountCreationPageTest#registerAccountTest</h3><table class="result"><tr><th>Exception</th></tr><tr><td><div class="stacktrace">org.testng.TestNGException: 
Parameter &apos;browser&apos; is required by BeforeMethod on method setUp but has not been marked @Optional or defined

... Removed 30 stack frames</div></td></tr></table><p class="totop"><a href="#summary">back to summary</a></p>
<h3 id="m18">com.mynop.testcases.AddToCartPageTest#addToCartPageTest</h3><table class="result"><tr><th>Exception</th></tr><tr><td><div class="stacktrace">org.testng.TestNGException: 
Parameter &apos;browser&apos; is required by BeforeMethod on method setUp but has not been marked @Optional or defined

... Removed 30 stack frames</div></td></tr></table><p class="totop"><a href="#summary">back to summary</a></p>
<h3 id="m19">com.mynop.testcases.BillingAddressPageTest#BillingAddressPageTest</h3><table class="result"><tr><th>Exception</th></tr><tr><td><div class="stacktrace">org.testng.TestNGException: 
Parameter &apos;browser&apos; is required by BeforeMethod on method setUp but has not been marked @Optional or defined

... Removed 30 stack frames</div></td></tr></table><p class="totop"><a href="#summary">back to summary</a></p>
<h3 id="m20">com.mynop.testcases.HomePageTest#searchProduct</h3><table class="result"><tr><th>Exception</th></tr><tr><td><div class="stacktrace">org.testng.TestNGException: 
Parameter &apos;browser&apos; is required by BeforeMethod on method setUp but has not been marked @Optional or defined

... Removed 30 stack frames</div></td></tr></table><p class="totop"><a href="#summary">back to summary</a></p>
<h3 id="m21">com.mynop.testcases.HomePageTest#verifyTitle</h3><table class="result"><tr><th>Exception</th></tr><tr><td><div class="stacktrace">org.testng.TestNGException: 
Parameter &apos;browser&apos; is required by BeforeMethod on method setUp but has not been marked @Optional or defined

... Removed 30 stack frames</div></td></tr></table><p class="totop"><a href="#summary">back to summary</a></p>
<h3 id="m22">com.mynop.testcases.IndexPageTest#verifyMyNopLogo</h3><table class="result"><tr><th>Exception</th></tr><tr><td><div class="stacktrace">org.testng.TestNGException: 
Parameter &apos;browser&apos; is required by BeforeMethod on method setUp but has not been marked @Optional or defined

... Removed 30 stack frames</div></td></tr></table><p class="totop"><a href="#summary">back to summary</a></p>
<h3 id="m23">com.mynop.testcases.LoginPageTest#loginTest</h3><table class="result"><tr><th>Exception</th></tr><tr><td><div class="stacktrace">java.lang.NoClassDefFoundError: org/apache/poi/ss/usermodel/Date1904Support
	at java.lang.ClassLoader.defineClass1(Native Method)
	at java.lang.ClassLoader.defineClass(ClassLoader.java:763)
	at java.security.SecureClassLoader.defineClass(SecureClassLoader.java:142)
	at java.net.URLClassLoader.defineClass(URLClassLoader.java:468)
	at java.net.URLClassLoader.access$100(URLClassLoader.java:74)
	at java.net.URLClassLoader$1.run(URLClassLoader.java:369)
	at java.net.URLClassLoader$1.run(URLClassLoader.java:363)
	at java.security.AccessController.doPrivileged(Native Method)
	at java.net.URLClassLoader.findClass(URLClassLoader.java:362)
	at java.lang.ClassLoader.loadClass(ClassLoader.java:424)
	at sun.misc.Launcher$AppClassLoader.loadClass(Launcher.java:349)
	at java.lang.ClassLoader.loadClass(ClassLoader.java:357)
	at com.mynop.utility.NewExcelLibrary.&lt;init&gt;(NewExcelLibrary.java:38)
	at com.mynop.dataprovider.DataProviders.&lt;init&gt;(DataProviders.java:16)
	at java.lang.Class.newInstance(Class.java:442)
Caused by: java.lang.ClassNotFoundException: org.apache.poi.ss.usermodel.Date1904Support
	at java.net.URLClassLoader.findClass(URLClassLoader.java:382)
	at java.lang.ClassLoader.loadClass(ClassLoader.java:424)
	at sun.misc.Launcher$AppClassLoader.loadClass(Launcher.java:349)
	at java.lang.ClassLoader.loadClass(ClassLoader.java:357)
	... 48 more
... Removed 33 stack frames</div></td></tr></table><p class="totop"><a href="#summary">back to summary</a></p>
<h3 id="m24">com.mynop.testcases.SearchReasultPageTest#SearchReasultPageTest</h3><table class="result"><tr><th>Exception</th></tr><tr><td><div class="stacktrace">org.testng.TestNGException: 
Parameter &apos;browser&apos; is required by BeforeMethod on method setUp but has not been marked @Optional or defined

... Removed 30 stack frames</div></td></tr></table><p class="totop"><a href="#summary">back to summary</a></p>
<h3 id="m25">com.mynop.testcases.ShoppingCartPageTest#ShoppingCartPageTest</h3><table class="result"><tr><th>Exception</th></tr><tr><td><div class="stacktrace">org.testng.TestNGException: 
Parameter &apos;browser&apos; is required by BeforeMethod on method setUp but has not been marked @Optional or defined

... Removed 30 stack frames</div></td></tr></table><p class="totop"><a href="#summary">back to summary</a></p>
</body>
</html>
